This file contains any messages produced by compilers while
running configure, to aid debugging if configure makes a mistake.

It was created by configure 2.49c, executed with
 > ./configure 

## ---------- ##
## Platform.  ##
## ---------- ##

hostname = neutrino
uname -m = x86_64
uname -r = 19.3.0
uname -s = Darwin
uname -v = Darwin Kernel Version 19.3.0: Thu Jan  9 20:58:23 PST 2020; root:xnu-6153.81.5~1/RELEASE_X86_64

/usr/bin/uname -p = i386
/bin/uname -X     = 

/bin/arch              = 
/usr/bin/arch -k       = 
/usr/convex/getsysinfo = 
hostinfo               = Mach kernel version:
	 Darwin Kernel Version 19.3.0: Thu Jan  9 20:58:23 PST 2020; root:xnu-6153.81.5~1/RELEASE_X86_64
Kernel configured for up to 12 processors.
6 processors are physically available.
12 processors are logically available.
Processor type: x86_64h (Intel x86-64h Haswell)
Processors active: 0 1 2 3 4 5 6 7 8 9 10 11
Primary memory available: 16.00 gigabytes
Default processor set: 545 tasks, 3179 threads, 12 processors
Load average: 3.43, Mach factor: 8.56
/bin/machine           = 
/usr/bin/oslevel       = 
/bin/universe          = 

PATH = /usr/local/opt/openssl/bin:/usr/local/bin:/usr/bin:/bin:/usr/sbin:/sbin:/Library/TeX/texbin:/usr/local/share/dotnet:~/.dotnet/tools:/Library/Frameworks/Mono.framework/Versions/Current/Commands

## ------------ ##
## Core tests.  ##
## ------------ ##

configure:921: checking for a BSD compatible install
configure:970: result: /usr/local/bin/ginstall -c
configure:981: checking whether build environment is sane
configure:1024: result: yes
configure:1061: checking for mawk
configure:1086: result: no
configure:1061: checking for gawk
configure:1086: result: no
configure:1061: checking for nawk
configure:1086: result: no
configure:1061: checking for awk
configure:1083: result: awk
configure:1093: checking whether make sets ${MAKE}
configure:1113: result: yes
configure:1202: checking whether to enable maintainer-specific portions of Makefiles
configure:1211: result: no
configure:1229: checking build system type
configure:1247: result: i386-apple-darwin19.3.0
configure:1254: checking host system type
configure:1268: result: i386-apple-darwin19.3.0
configure:1330: checking for g++
configure:1352: result: g++
configure:1366: checking whether the C++ compiler works
configure:1384: g++ -o conftest    conftest.cc  >&5
configure:1387: $? = 0
configure:1389: test -s conftest
configure:1392: $? = 0
configure:1397: ./conftest
configure:1400: $? = 0
configure:1415: result: yes
configure:1428: checking whether we are cross compiling
configure:1430: result: no
configure:1433: checking whether we are using the GNU C++ compiler
configure:1457: g++ -c   conftest.cc >&5
configure:1460: $? = 0
configure:1473: result: yes
configure:1476: checking for object suffix
configure:1497: g++ -c   conftest.cc >&5
configure:1500: $? = 0
configure:1519: result: o
configure:1523: checking for executable suffix
configure:1545: g++    conftest.cc  >&5
configure:1548: $? = 0
configure:1567: g++ -o conftest    conftest.cc  >&5
configure:1570: $? = 0
configure:1572: test -s conftest
configure:1575: $? = 0
configure:1600: result: 
configure:1607: checking whether g++ accepts -g
configure:1628: g++ -c -g  conftest.cc >&5
configure:1631: $? = 0
configure:1642: result: yes
configure:1667: checking how to run the C++ preprocessor
configure:1690: g++ -E  conftest.cc >/dev/null 2>conftest.err
configure:1693: $? = 0
configure:1715: g++ -E  conftest.cc >/dev/null 2>conftest.err
configure:1718: $? = 1
configure:1712:10: fatal error: 'ac_nonexistent.h' file not found
#include <ac_nonexistent.h>
         ^~~~~~~~~~~~~~~~~~
1 error generated.
configure: failed program was:
#line 1708 "configure"
#include "confdefs.h"
#ifdef __cplusplus
#include <stdlib.h>
#endif
#include <ac_nonexistent.h>
configure:1837: result: g++ -E
configure:1847: checking dependency style of g++
configure:1891: result: none
configure:1900: checking for Windows and DOS and OS/2 style pathnames
configure:1913: result: no
configure:1955: checking for ANSI C header files
configure:1972: g++ -E  conftest.cc >/dev/null 2>conftest.err
configure:1975: $? = 0
configure:2072: g++ -o conftest -g -O2   conftest.cc  >&5
configure:2075: $? = 0
configure:2076: ./conftest
configure:2079: $? = 0
configure:2094: result: yes
configure:2108: checking for stdio.h
configure:2121: g++ -E  conftest.cc >/dev/null 2>conftest.err
configure:2124: $? = 0
configure:2144: result: yes
configure:2108: checking for assert.h
configure:2121: g++ -E  conftest.cc >/dev/null 2>conftest.err
configure:2124: $? = 0
configure:2144: result: yes
configure:2108: checking for limits.h
configure:2121: g++ -E  conftest.cc >/dev/null 2>conftest.err
configure:2124: $? = 0
configure:2144: result: yes
configure:2108: checking for ctype.h
configure:2121: g++ -E  conftest.cc >/dev/null 2>conftest.err
configure:2124: $? = 0
configure:2144: result: yes
configure:2108: checking for time.h
configure:2121: g++ -E  conftest.cc >/dev/null 2>conftest.err
configure:2124: $? = 0
configure:2144: result: yes
configure:2108: checking for float.h
configure:2121: g++ -E  conftest.cc >/dev/null 2>conftest.err
configure:2124: $? = 0
configure:2144: result: yes
configure:2158: checking for windows.h
configure:2171: g++ -E  conftest.cc >/dev/null 2>conftest.err
configure:2174: $? = 1
configure:2168:10: fatal error: 'windows.h' file not found
#include <windows.h>
         ^~~~~~~~~~~
1 error generated.
configure: failed program was:
#line 2164 "configure"
#include "confdefs.h"
#ifdef __cplusplus
#include <stdlib.h>
#endif
#include <windows.h>
configure:2194: result: no
configure:2158: checking for direct.h
configure:2171: g++ -E  conftest.cc >/dev/null 2>conftest.err
configure:2174: $? = 1
configure:2168:10: fatal error: 'direct.h' file not found
#include <direct.h>
         ^~~~~~~~~~
1 error generated.
configure: failed program was:
#line 2164 "configure"
#include "confdefs.h"
#ifdef __cplusplus
#include <stdlib.h>
#endif
#include <direct.h>
configure:2194: result: no
configure:2158: checking for dirent.h
configure:2171: g++ -E  conftest.cc >/dev/null 2>conftest.err
configure:2174: $? = 0
configure:2194: result: yes
configure:2158: checking for sys/cygwin.h
configure:2171: g++ -E  conftest.cc >/dev/null 2>conftest.err
configure:2174: $? = 1
configure:2168:10: fatal error: 'sys/cygwin.h' file not found
#include <sys/cygwin.h>
         ^~~~~~~~~~~~~~
1 error generated.
configure: failed program was:
#line 2164 "configure"
#include "confdefs.h"
#ifdef __cplusplus
#include <stdlib.h>
#endif
#include <sys/cygwin.h>
configure:2194: result: no
configure:2208: checking for math.h
configure:2221: g++ -E  conftest.cc >/dev/null 2>conftest.err
configure:2224: $? = 0
configure:2244: result: yes
configure:2254: checking if math lib is required
configure:2280: g++ -o conftest -g -O2   conftest.cc  >&5
configure:2273:2: warning: ignoring return value of function declared with const attribute [-Wunused-value]
 floor(0.0);
 ^~~~~ ~~~
1 warning generated.
configure:2283: $? = 0
configure:2285: test -s conftest
configure:2288: $? = 0
configure:2300: result: no
configure:2413: checking whether the compiler implements namespaces
configure:2435: g++ -c -g -O2  conftest.cc >&5
configure:2438: $? = 0
configure:2450: result: yes
configure:2460: checking whether the compiler supports ISO C++ standard library
configure:2488: g++ -c -g -O2  conftest.cc >&5
configure:2491: $? = 0
configure:2503: result: yes
configure:2513: checking whether the compiler recognizes bool as a built-in type
configure:2539: g++ -c -g -O2  conftest.cc >&5
configure:2542: $? = 0
configure:2554: result: yes
configure:2564: checking for VC++ style set_new_handler
configure:2589: g++ -o conftest -g -O2   conftest.cc  >&5
configure:2576:10: fatal error: 'new.h' file not found
#include <new.h>
         ^~~~~~~
1 error generated.
configure:2592: $? = 1
configure: failed program was:
#line 2571 "configure"
#include "confdefs.h"
#ifdef __cplusplus
#include <stdlib.h>
#endif

#include <new.h>
int OutOfMemory(size_t) { return 0; }

int
main ()
{
 _set_new_handler(OutOfMemory);
  ;
  return 0;
}
configure:2609: result: no
configure:2620: checking for standard set_new_handler
configure:2652: g++ -c -g -O2  conftest.cc >&5
configure:2655: $? = 0
configure:2667: result: yes
configure:2678: checking for compiler error on discard of const qualifier
configure:2702: g++ -c -g -O2  conftest.cc >&5
configure:2690:36: error: no matching function for call to 'foo'
void const_foo(const char * arg) { foo(arg); }
                                   ^~~
configure:2689:6: note: candidate function not viable: 1st argument ('const char *') would lose const qualifier
void foo(char * arg) {}
     ^
1 error generated.
configure:2705: $? = 1
configure: failed program was:
#line 2684 "configure"
#include "confdefs.h"
#ifdef __cplusplus
#include <stdlib.h>
#endif

void foo(char * arg) {}
void const_foo(const char * arg) { foo(arg); }

int
main ()
{

  ;
  return 0;
}
configure:2717: result: yes
configure:2731: checking for wchar.h
configure:2744: g++ -E  conftest.cc >/dev/null 2>conftest.err
configure:2747: $? = 0
configure:2767: result: yes
configure:2731: checking for string.h
configure:2744: g++ -E  conftest.cc >/dev/null 2>conftest.err
configure:2747: $? = 0
configure:2767: result: yes
configure:2731: checking for strings.h
configure:2744: g++ -E  conftest.cc >/dev/null 2>conftest.err
configure:2747: $? = 0
configure:2767: result: yes
configure:2731: checking for memory.h
configure:2744: g++ -E  conftest.cc >/dev/null 2>conftest.err
configure:2747: $? = 0
configure:2767: result: yes
configure:2780: checking for wcslen
configure:2820: g++ -o conftest -g -O2   conftest.cc  >&5
configure:2823: $? = 0
configure:2825: test -s conftest
configure:2828: $? = 0
configure:2839: result: yes
configure:2780: checking for wcscpy
configure:2820: g++ -o conftest -g -O2   conftest.cc  >&5
configure:2823: $? = 0
configure:2825: test -s conftest
configure:2828: $? = 0
configure:2839: result: yes
configure:2780: checking for wcsncpy
configure:2820: g++ -o conftest -g -O2   conftest.cc  >&5
configure:2823: $? = 0
configure:2825: test -s conftest
configure:2828: $? = 0
configure:2839: result: yes
configure:2780: checking for wcscat
configure:2820: g++ -o conftest -g -O2   conftest.cc  >&5
configure:2823: $? = 0
configure:2825: test -s conftest
configure:2828: $? = 0
configure:2839: result: yes
configure:2780: checking for wcscmp
configure:2820: g++ -o conftest -g -O2   conftest.cc  >&5
configure:2823: $? = 0
configure:2825: test -s conftest
configure:2828: $? = 0
configure:2839: result: yes
configure:2780: checking for wcsncmp
configure:2820: g++ -o conftest -g -O2   conftest.cc  >&5
configure:2823: $? = 0
configure:2825: test -s conftest
configure:2828: $? = 0
configure:2839: result: yes
configure:2865: checking for wchar_t type
configure:2887: g++ -c -g -O2  conftest.cc >&5
configure:2890: $? = 0
configure:2902: result: yes
configure:2912: checking call wcslen
configure:2934: g++ -c -g -O2  conftest.cc >&5
configure:2937: $? = 0
configure:2949: result: yes
configure:2954: checking for error calling wcslen with const argument
configure:2978: g++ -c -g -O2  conftest.cc >&5
configure:2981: $? = 0
configure:2993: result: no
configure:3058: checking for iconv.h
configure:3071: g++ -E  conftest.cc >/dev/null 2>conftest.err
configure:3074: $? = 0
configure:3094: result: yes
configure:3104: checking for iconv in -liconv
configure:3134: g++ -o conftest -g -O2   conftest.cc -liconv   >&5
configure:3137: $? = 0
configure:3139: test -s conftest
configure:3142: $? = 0
configure:3154: result: yes
configure:3184: checking simple call to iconv
configure:3206: g++ -c -g -O2  conftest.cc >&5
configure:3209: $? = 0
configure:3221: result: yes
configure:3226: checking for error calling iconv with const 2nd argument
configure:3250: g++ -c -g -O2  conftest.cc >&5
configure:3259:1: error: no matching function for call to 'iconv'
iconv(0, s, NULL, NULL, NULL);
^~~~~
/Applications/Xcode.app/Contents/Developer/Platforms/MacOSX.platform/Developer/SDKs/MacOSX.sdk/usr/include/iconv.h:75:39: note: candidate function not viable: no known conversion from 'const char **' to 'char **' for 2nd argument
extern __LIBICONV_DLL_EXPORTED size_t iconv (iconv_t __cd, char* * __restrict __inbuf, size_t * __restrict __inbytesleft, char* * __restrict __outbuf, size_t * __restrict __outbytesleft);
                                      ^
1 error generated.
configure:3253: $? = 1
configure: failed program was:
#line 3232 "configure"
#include "confdefs.h"
#ifdef __cplusplus
#include <stdlib.h>
#endif

#ifdef HAVE_STRING_H
# if !STDC_HEADERS && HAVE_MEMORY_H
#  include <memory.h>
# endif
# include <string.h>
#else
# ifdef HAVE_STRINGS_H
#  include <strings.h>
# endif
#endif
#ifdef HAVE_WCHAR_H
# include <wchar.h>
#endif
#ifdef HAVE_ICONV_H
# include <iconv.h>
#endif

int
main ()
{

const char ** s = NULL;
iconv(0, s, NULL, NULL, NULL);

  ;
  return 0;
}
configure:3265: result: yes
configure:3274: checking fix for calling iconv with non const argument
configure:3302: g++ -c -g -O2  conftest.cc >&5
configure:3305: $? = 0
configure:3319: result: yes
configure:3326: checking for u_getVersion in -licu-uc
configure:3356: g++ -o conftest -g -O2   conftest.cc -licu-uc  -liconv  >&5
ld: library not found for -licu-uc
clang: error: linker command failed with exit code 1 (use -v to see invocation)
configure:3359: $? = 1
configure: failed program was:
#line 3334 "configure"
#include "confdefs.h"
#ifdef __cplusplus
#include <stdlib.h>
#endif

/* Override any gcc2 internal prototype to avoid an error.  */
#ifdef __cplusplus
extern "C"
#endif
/* We use char because int might match the return type of a gcc2
   builtin and then its argument prototype would still apply.  */
char u_getVersion ();
int
main ()
{
u_getVersion ();
  ;
  return 0;
}
configure:3376: result: no
configure:3390: checking for cygwin_win32_to_posix_path_list
configure:3430: g++ -o conftest -g -O2   conftest.cc -liconv  >&5
Undefined symbols for architecture x86_64:
  "_cygwin_win32_to_posix_path_list", referenced from:
      _main in conftest-0ae45b.o
ld: symbol(s) not found for architecture x86_64
clang: error: linker command failed with exit code 1 (use -v to see invocation)
configure:3433: $? = 1
configure: failed program was:
#line 3396 "configure"
#include "confdefs.h"
#ifdef __cplusplus
#include <stdlib.h>
#endif
/* System header to define __stub macros and hopefully few prototypes,
    which can conflict with char cygwin_win32_to_posix_path_list (); below.  */
#include <assert.h>
/* Override any gcc2 internal prototype to avoid an error.  */
#ifdef __cplusplus
extern "C"
#endif
/* We use char because int might match the return type of a gcc2
   builtin and then its argument prototype would still apply.  */
char cygwin_win32_to_posix_path_list ();
char (*f) ();

int
main ()
{
/* The GNU C library defines this for functions which it implements
    to always fail with ENOSYS.  Some functions are actually named
    something starting with __ and the normal name is an alias.  */
#if defined (__stub_cygwin_win32_to_posix_path_list) || defined (__stub___cygwin_win32_to_posix_path_list)
choke me
#else
f = cygwin_win32_to_posix_path_list;
#endif

  ;
  return 0;
}
configure:3449: result: no
configure:3496: checking for strip
configure:3519: result: strip
configure:3531: checking whether the compiler supports member constants
configure:3553: g++ -c -g -O2  conftest.cc >&5
configure:3556: $? = 0
configure:3568: result: yes
configure:3578: checking whether the compiler supports the explicit keyword
configure:3600: g++ -c -g -O2  conftest.cc >&5
configure:3603: $? = 0
configure:3615: result: yes
configure:3626: checking whether the compiler supports Run-Time Type Identification
configure:3675: result: no
configure:3685: checking whether the compiler supports const_cast<>
configure:3707: g++ -c -g -O2  conftest.cc >&5
configure:3710: $? = 0
configure:3722: result: yes
configure:3732: checking whether the compiler supports dynamic_cast<>
configure:3757: g++ -c -g -O2  conftest.cc >&5
configure:3760: $? = 0
configure:3772: result: yes
configure:3782: checking whether the compiler supports reinterpret_cast<>
configure:3809: g++ -c -g -O2  conftest.cc >&5
configure:3812: $? = 0
configure:3824: result: yes
configure:3834: checking whether the compiler supports static_cast<>
configure:3860: g++ -c -g -O2  conftest.cc >&5
configure:3863: $? = 0
configure:3875: result: yes
configure:3891: checking correct value for UINT_MAX
configure:3917: g++ -c -g -O2  conftest.cc >&5
configure:3920: $? = 0
configure:3935: result: yes
configure:3938: checking correct value for INT_MAX
configure:3964: g++ -c -g -O2  conftest.cc >&5
configure:3967: $? = 0
configure:3982: result: yes
configure:3985: checking for broken USHRT_MAX
configure:4011: g++ -c -g -O2  conftest.cc >&5
configure:4014: $? = 0
configure:4026: result: no
configure:4036: checking correct value for USHRT_MAX
configure:4062: g++ -c -g -O2  conftest.cc >&5
configure:4065: $? = 0
configure:4080: result: yes
configure:4083: checking correct value for SHRT_MAX
configure:4109: g++ -c -g -O2  conftest.cc >&5
configure:4112: $? = 0
configure:4127: result: yes
configure:4130: checking correct value for UCHAR_MAX
configure:4156: g++ -c -g -O2  conftest.cc >&5
configure:4159: $? = 0
configure:4174: result: yes
configure:4177: checking correct value for SCHAR_MAX
configure:4203: g++ -c -g -O2  conftest.cc >&5
configure:4206: $? = 0
configure:4221: result: yes
configure:4232: checking for floating point support
configure:4245: result: native
configure:4249: checking for unsigned long long
configure:4273: g++ -c -g -O2  conftest.cc >&5
configure:4276: $? = 0
configure:4287: result: yes
configure:4443: checking for __S_IFDIR symbol
configure:4466: g++ -c -g -O2  conftest.cc >&5
configure:4459:9: error: use of undeclared identifier '__S_IFDIR'
int i = __S_IFDIR;
        ^
1 error generated.
configure:4469: $? = 1
configure: failed program was:
#line 4449 "configure"
#include "confdefs.h"
#ifdef __cplusplus
#include <stdlib.h>
#endif

#include <sys/stat.h>

int
main ()
{
int i = __S_IFDIR;
  ;
  return 0;
}
configure:4480: result: no
configure:4483: checking for _S_IFDIR symbol
configure:4506: g++ -c -g -O2  conftest.cc >&5
configure:4499:9: error: use of undeclared identifier '_S_IFDIR'
int i = _S_IFDIR;
        ^
1 error generated.
configure:4509: $? = 1
configure: failed program was:
#line 4489 "configure"
#include "confdefs.h"
#ifdef __cplusplus
#include <stdlib.h>
#endif

#include <sys/stat.h>

int
main ()
{
int i = _S_IFDIR;
  ;
  return 0;
}
configure:4520: result: no
configure:4523: checking for S_IFDIR symbol
configure:4546: g++ -c -g -O2  conftest.cc >&5
configure:4549: $? = 0
configure:4560: result: yes
configure:4590: checking for mkdir
configure:4630: g++ -o conftest -g -O2   conftest.cc -liconv  >&5
configure:4633: $? = 0
configure:4635: test -s conftest
configure:4638: $? = 0
configure:4649: result: yes
configure:4663: checking for mac style mkdir
configure:4688: g++ -o conftest -g -O2   conftest.cc -liconv  >&5
configure:4675:10: fatal error: 'stat.mac.h' file not found
#include <stat.mac.h>
         ^~~~~~~~~~~~
1 error generated.
configure:4691: $? = 1
configure: failed program was:
#line 4669 "configure"
#include "confdefs.h"
#ifdef __cplusplus
#include <stdlib.h>
#endif

#include <sys/stat.h>
#include <stat.mac.h>

int
main ()
{
mkdir("foo.dir", 0);

  ;
  return 0;
}
configure:4708: result: no
configure:4711: checking for glibc style mkdir
configure:4736: g++ -o conftest -g -O2   conftest.cc -liconv  >&5
configure:4739: $? = 0
configure:4741: test -s conftest
configure:4744: $? = 0
configure:4756: result: yes
configure:4759: checking for libc5 style mkdir
configure:4784: g++ -o conftest -g -O2   conftest.cc -liconv  >&5
configure:4787: $? = 0
configure:4789: test -s conftest
configure:4792: $? = 0
configure:4804: result: yes
configure:4807: checking for win32 style mkdir
configure:4831: g++ -o conftest -g -O2   conftest.cc -liconv  >&5
configure:4818:10: fatal error: 'direct.h' file not found
#include <direct.h>
         ^~~~~~~~~~
1 error generated.
configure:4834: $? = 1
configure: failed program was:
#line 4813 "configure"
#include "confdefs.h"
#ifdef __cplusplus
#include <stdlib.h>
#endif

#include <direct.h>

int
main ()
{
mkdir("foo.dir");

  ;
  return 0;
}
configure:4851: result: no
configure:4884: checking floating point bug workaround for ICC compiler
configure:4905: g++ -c -g -O2  conftest.cc >&5
configure:4898:13: error: use of undeclared identifier 'EM_UNDERFLOW'
 _control87(EM_UNDERFLOW, EM_UNDERFLOW);
            ^
configure:4898:27: error: use of undeclared identifier 'EM_UNDERFLOW'
 _control87(EM_UNDERFLOW, EM_UNDERFLOW);
                          ^
2 errors generated.
configure:4908: $? = 1
configure: failed program was:
#line 4890 "configure"
#include "confdefs.h"
#ifdef __cplusplus
#include <stdlib.h>
#endif
#include <float.h>
int
main ()
{
 _control87(EM_UNDERFLOW, EM_UNDERFLOW);
  ;
  return 0;
}
configure:4925: result: no

## ----------------- ##
## Cache variables.  ##
## ----------------- ##

ac_cv_build=i386-apple-darwin19.3.0
ac_cv_build_alias=i386-apple-darwin19.3.0
ac_cv_call_iconv=yes
ac_cv_call_iconv_non_const=yes
ac_cv_call_wcslen=yes
ac_cv_cxx_bool=yes
ac_cv_cxx_compiler_gnu=yes
ac_cv_cxx_const_cast=yes
ac_cv_cxx_dynamic_cast=yes
ac_cv_cxx_explicit=yes
ac_cv_cxx_have_std=yes
ac_cv_cxx_member_constants=yes
ac_cv_cxx_namespaces=yes
ac_cv_cxx_reinterpret_cast=yes
ac_cv_cxx_rtti=no
ac_cv_cxx_static_cast=yes
ac_cv_env_CPPFLAGS_set=
ac_cv_env_CPPFLAGS_value=
ac_cv_env_CXXFLAGS_set=
ac_cv_env_CXXFLAGS_value=
ac_cv_env_CXX_set=
ac_cv_env_CXX_value=
ac_cv_env_LDFLAGS_set=
ac_cv_env_LDFLAGS_value=
ac_cv_env_build_alias_set=
ac_cv_env_build_alias_value=
ac_cv_env_host_alias_set=
ac_cv_env_host_alias_value=
ac_cv_env_target_alias_set=
ac_cv_env_target_alias_value=
ac_cv_error_call_iconv_const=yes
ac_cv_error_call_wcslen_const=no
ac_cv_error_discard_const=yes
ac_cv_exeext=
ac_cv_func_cygwin_win32_to_posix_path_list=no
ac_cv_func_mkdir=yes
ac_cv_func_wcscat=yes
ac_cv_func_wcscmp=yes
ac_cv_func_wcscpy=yes
ac_cv_func_wcslen=yes
ac_cv_func_wcsncmp=yes
ac_cv_func_wcsncpy=yes
ac_cv_header_assert_h=yes
ac_cv_header_ctype_h=yes
ac_cv_header_direct_h=no
ac_cv_header_dirent_h=yes
ac_cv_header_float_h=yes
ac_cv_header_iconv_h=yes
ac_cv_header_limits_h=yes
ac_cv_header_math_h=yes
ac_cv_header_memory_h=yes
ac_cv_header_stdc=yes
ac_cv_header_stdio_h=yes
ac_cv_header_string_h=yes
ac_cv_header_strings_h=yes
ac_cv_header_sys_cygwin_h=no
ac_cv_header_time_h=yes
ac_cv_header_wchar_h=yes
ac_cv_header_windows_h=no
ac_cv_host=i386-apple-darwin19.3.0
ac_cv_host_alias=i386-apple-darwin19.3.0
ac_cv_lib_iconv_iconv=yes
ac_cv_lib_icu_uc_u_getVersion=no
ac_cv_need_math_lib=no
ac_cv_objext=o
ac_cv_path_install='/usr/local/bin/ginstall -c'
ac_cv_prog_AWK=awk
ac_cv_prog_CXXCPP='g++ -E'
ac_cv_prog_ac_ct_CXX=g++
ac_cv_prog_ac_ct_STRIP=strip
ac_cv_prog_cxx_g=yes
ac_cv_prog_make_make_set=yes
ac_cv_standard_set_new_handler=yes
ac_cv_type_unsigned_long_long=yes
ac_cv_type_wint_t=yes
ac_cv_vcpp_set_new_handler=no
acx_cv_pathname_style_dos=no
am_cv_CXX_dependencies_compiler_type=none
jikes_cv_glibc_mkdir=yes
jikes_cv_icc_fp_bugs=no
jikes_cv_int_max=yes
jikes_cv_libc5_mkdir=yes
jikes_cv_mac_mkdir=no
jikes_cv_schar_max=yes
jikes_cv_shrt_max=yes
jikes_cv_stat_ifdir_0underscore=yes
jikes_cv_stat_ifdir_1underscore=no
jikes_cv_stat_ifdir_2underscore=no
jikes_cv_uchar_max=yes
jikes_cv_uint_max=yes
jikes_cv_ushrt_max=yes
jikes_cv_ushrt_max_is_broken=no
jikes_cv_win32_mkdir=no

## ------------ ##
## confdefs.h.  ##
## ------------ ##

#define PACKAGE "jikes"
#define VERSION "1.13"
#define JIKES_VERSION_STRING "Version 1.13 3/1/2001"
#define PATH_SEPARATOR ':'
#define UNIX_FILE_SYSTEM
#define STDC_HEADERS 1
#define HAVE_STDIO_H 1
#define HAVE_ASSERT_H 1
#define HAVE_LIMITS_H 1
#define HAVE_CTYPE_H 1
#define HAVE_TIME_H 1
#define HAVE_FLOAT_H 1
#define HAVE_DIRENT_H 1
#define HAVE_MATH_H 1
#define HAVE_NAMESPACES 1
#define HAVE_STD
#define HAVE_BOOL
#define HAVE_ERROR_DISCARD_CONST
#define HAVE_WCHAR_H 1
#define HAVE_STRING_H 1
#define HAVE_STRINGS_H 1
#define HAVE_MEMORY_H 1
#define HAVE_WCSLEN 1
#define HAVE_WCSCPY 1
#define HAVE_WCSNCPY 1
#define HAVE_WCSCAT 1
#define HAVE_WCSCMP 1
#define HAVE_WCSNCMP 1
#define HAVE_WINT_T
#define HAVE_ICONV_H 1
#define HAVE_LIBICONV 1
#define HAVE_ERROR_CALL_ICONV_CONST
#define HAVE_MEMBER_CONSTANTS
#define HAVE_EXPLICIT
#define HAVE_CONST_CAST
#define HAVE_DYNAMIC_CAST
#define HAVE_REINTERPRET_CAST
#define HAVE_STATIC_CAST
#define HAVE_IEEE754 1
#define HAVE_UNSIGNED_LONG_LONG
#define HAVE_32BIT_TYPES
#define JIKES_STAT_S_IFDIR S_IFDIR
#define HAVE_MKDIR 1
#define HAVE_GLIBC_MKDIR
configure:5066: creating ./config.status

## ----------------------- ##
## Running config.status.  ##
## ----------------------- ##

This file was extended by config.status 2.49c, executed with
 > ./config.status 
on neutrino

config.status:5509: creating Makefile
config.status:5509: creating doc/Makefile
config.status:5509: creating src/Makefile
config.status:5604: creating src/config.h
configure: exit 0
